<?xml version="1.0" encoding="UTF-8"?>
<testsuite name="TextAggregatorTest" tests="1" skipped="0" failures="0" errors="0" timestamp="2021-08-21T17:19:07" hostname="Ks-Laptop.local" time="0.042">
  <properties/>
  <testcase name="testfileExists()" classname="TextAggregatorTest" time="0.042"/>
  <system-out><![CDATA[]]></system-out>
  <system-err><![CDATA[]]></system-err>
</testsuite>
